<?xml version="1.0" encoding="UTF-8"?>
<testng-results ignored="0" total="1" passed="1" failed="0" skipped="0">
  <reporter-output>
  </reporter-output>
  <suite started-at="2022-08-16T09:55:13 EDT" name="Surefire suite" finished-at="2022-08-16T09:55:13 EDT" duration-ms="42">
    <groups>
    </groups>
    <test started-at="2022-08-16T09:55:13 EDT" name="Surefire test" finished-at="2022-08-16T09:55:13 EDT" duration-ms="42">
      <class name="Academy.E2EProject.AppTest">
        <test-method signature="shouldAnswerWithTrue()" started-at="2022-08-16T09:55:13 EDT" name="shouldAnswerWithTrue" finished-at="2022-08-16T09:55:13 EDT" duration-ms="5" status="PASS">
          <reporter-output>
          </reporter-output>
        </test-method> <!-- shouldAnswerWithTrue -->
      </class> <!-- Academy.E2EProject.AppTest -->
    </test> <!-- Surefire test -->
  </suite> <!-- Surefire suite -->
</testng-results>
