<?xml version="1.0" encoding="UTF-8"?>
<!-- Generated by org.testng.reporters.JUnitXMLReporter -->
<testsuite ignored="0" hostname="Atrinik" failures="1" tests="1" name="ValidateTitle" time="9.166" errors="0" timestamp="2022-08-12T11:00:49 EDT">
  <testcase classname="Academy.E2EProject.ValidateTitleTest" name="basePageNavigation" time="0.046">
    <failure type="java.lang.AssertionError" message="expected [Have a AAdvantage® account?] but found [Have an AAdvantage® account?]">
      <![CDATA[java.lang.AssertionError: expected [Have a AAdvantage® account?] but found [Have an AAdvantage® account?]
at Academy.E2EProject.ValidateTitleTest.basePageNavigation(ValidateTitleTest.java:32)
at java.base/java.util.ArrayList.forEach(ArrayList.java:1511)
at java.base/java.util.concurrent.FutureTask.run(FutureTask.java:264)
at java.base/java.util.concurrent.ThreadPoolExecutor.runWorker(ThreadPoolExecutor.java:1136)
at java.base/java.util.concurrent.ThreadPoolExecutor$Worker.run(ThreadPoolExecutor.java:635)
at java.base/java.lang.Thread.run(Thread.java:833)
... Removed 23 stack frames]]>
    </failure>
  </testcase> <!-- basePageNavigation -->
</testsuite> <!-- ValidateTitle -->
