-------------------------------------------------------------------------------
Test set: TestSuite
-------------------------------------------------------------------------------
Tests run: 5, Failures: 1, Errors: 0, Skipped: 0, Time elapsed: 33.806 s <<< FAILURE! - in TestSuite
basePageNavigation(Academy.E2EProject.ValidateTitleTest)  Time elapsed: 0.081 s  <<< FAILURE!
java.lang.AssertionError: expected [Have a AAdvantage® account?] but found [Have an AAdvantage® account?]
	at Academy.E2EProject.ValidateTitleTest.basePageNavigation(ValidateTitleTest.java:32)

